<?xml version="1.0" encoding="UTF-8"?>
<testng-results skipped="0" failed="0" total="2" passed="2">
  <reporter-output>
  </reporter-output>
  <suite name="Command line suite" duration-ms="16" started-at="2017-09-22T17:19:17Z" finished-at="2017-09-22T17:19:17Z">
    <groups>
    </groups>
    <test name="Command line test" duration-ms="16" started-at="2017-09-22T17:19:17Z" finished-at="2017-09-22T17:19:17Z">
      <class name="first.testng.example.GroupTest">
        <test-method status="PASS" signature="secondTest()[pri:0, instance:first.testng.example.GroupTest@6bdf28bb]" name="secondTest" duration-ms="16" started-at="2017-09-22T13:19:17Z" finished-at="2017-09-22T13:19:17Z">
          <reporter-output>
          </reporter-output>
        </test-method> <!-- secondTest -->
        <test-method status="PASS" signature="firstTest()[pri:0, instance:first.testng.example.GroupTest@6bdf28bb]" name="firstTest" duration-ms="0" started-at="2017-09-22T13:19:17Z" depends-on-methods="first.testng.example.GroupTest.secondTest" finished-at="2017-09-22T13:19:17Z">
          <reporter-output>
          </reporter-output>
        </test-method> <!-- firstTest -->
      </class> <!-- first.testng.example.GroupTest -->
    </test> <!-- Command line test -->
  </suite> <!-- Command line suite -->
</testng-results>
