<?xml version="1.0" encoding="UTF-8"?>
<testng-results skipped="0" failed="0" total="2" passed="2">
  <reporter-output>
  </reporter-output>
  <suite name="Suite" duration-ms="15" started-at="2017-09-22T17:23:32Z" finished-at="2017-09-22T17:23:32Z">
    <groups>
    </groups>
    <test name="Test" duration-ms="15" started-at="2017-09-22T17:23:32Z" finished-at="2017-09-22T17:23:32Z">
      <class name="first.testng.example.SecondDemo">
        <test-method status="PASS" signature="secondTest()[pri:0, instance:first.testng.example.SecondDemo@6b71769e]" name="secondTest" duration-ms="0" started-at="2017-09-22T13:23:32Z" finished-at="2017-09-22T13:23:32Z">
          <reporter-output>
          </reporter-output>
        </test-method> <!-- secondTest -->
        <test-method status="PASS" signature="firstTest()[pri:0, instance:first.testng.example.SecondDemo@6b71769e]" name="firstTest" duration-ms="0" started-at="2017-09-22T13:23:32Z" depends-on-methods="first.testng.example.SecondDemo.secondTest" finished-at="2017-09-22T13:23:32Z">
          <reporter-output>
          </reporter-output>
        </test-method> <!-- firstTest -->
      </class> <!-- first.testng.example.SecondDemo -->
    </test> <!-- Test -->
  </suite> <!-- Suite -->
</testng-results>
